<?xml version="1.0" encoding="UTF-8"?>
<testng-results skipped="0" failed="0" total="2" passed="2">
  <reporter-output>
  </reporter-output>
  <suite name="NewTours Application" duration-ms="26669" started-at="2017-11-01T17:34:34Z" finished-at="2017-11-01T17:35:00Z">
    <groups>
    </groups>
    <test name="DataDrivenTesting" duration-ms="26669" started-at="2017-11-01T17:34:34Z" finished-at="2017-11-01T17:35:00Z">
      <class name="com.Testing.DataDriven">
        <test-method status="PASS" signature="BrowserLaunch()[pri:0, instance:com.Testing.DataDriven@5dfcfece]" name="BrowserLaunch" is-config="true" duration-ms="14147" started-at="2017-11-01T13:34:34Z" finished-at="2017-11-01T13:34:48Z">
          <reporter-output>
          </reporter-output>
        </test-method> <!-- BrowserLaunch -->
        <test-method status="PASS" signature="Register()[pri:1, instance:com.Testing.DataDriven@5dfcfece]" name="Register" duration-ms="623" started-at="2017-11-01T13:34:48Z" finished-at="2017-11-01T13:34:48Z">
          <reporter-output>
          </reporter-output>
        </test-method> <!-- Register -->
        <test-method status="PASS" signature="NewUserRegistrationForm()[pri:2, instance:com.Testing.DataDriven@5dfcfece]" name="NewUserRegistrationForm" duration-ms="11535" started-at="2017-11-01T13:34:48Z" finished-at="2017-11-01T13:35:00Z">
          <reporter-output>
          </reporter-output>
        </test-method> <!-- NewUserRegistrationForm -->
        <test-method status="PASS" signature="TearDown()[pri:0, instance:com.Testing.DataDriven@5dfcfece]" name="TearDown" is-config="true" duration-ms="336" started-at="2017-11-01T13:35:00Z" finished-at="2017-11-01T13:35:00Z">
          <reporter-output>
          </reporter-output>
        </test-method> <!-- TearDown -->
      </class> <!-- com.Testing.DataDriven -->
    </test> <!-- DataDrivenTesting -->
  </suite> <!-- NewTours Application -->
</testng-results>
